0 info it worked if it ends with ok
1 verbose cli [ '/usr/local/bin/node', '/usr/local/bin/npm', 'run', 'serve' ]
2 info using npm@3.10.8
3 info using node@v6.9.1
4 verbose run-script [ 'preserve', 'serve', 'postserve' ]
5 info lifecycle @~preserve: @
6 silly lifecycle @~preserve: no script for preserve, continuing
7 info lifecycle @~serve: @
8 verbose lifecycle @~serve: unsafe-perm in lifecycle true
9 verbose lifecycle @~serve: PATH: /usr/local/lib/node_modules/npm/bin/node-gyp-bin:/Users/joeappleton1/Code/tmforumhack2017/TMForumNice2017Hack/private/jergus/node_modules/.bin:/Users/joeappleton1/anaconda/bin:/usr/local/lib/dnx/runtimes/dnx-coreclr-darwin-x64.1.0.0-rc1-update1/bin:/Users/joeappleton1/.dnx/bin:/Library/Frameworks/Python.framework/Versions/3.5/bin:/Applications/MAMP/bin/php/php5.6.2/bin:/Users/joeappleton1/.composer/vendor/bin/:/Users/joeappleton1/Sites/cakephp/lib/Cake/Console//usr/local/bi:/usr/local/bin:/usr/bin:/bin:/usr/sbin:/sbin:/Library/TeX/texbin:/Users/joeappleton1/.rvm/bin
10 verbose lifecycle @~serve: CWD: /Users/joeappleton1/Code/tmforumhack2017/TMForumNice2017Hack/private/jergus
11 silly lifecycle @~serve: Args: [ '-c',
11 silly lifecycle   'webpack-dev-server --inline --output-public-path=http://localhost:8080/' ]
12 silly lifecycle @~serve: Returned: code: 1  signal: null
13 info lifecycle @~serve: Failed to exec serve script
14 verbose stack Error: @ serve: `webpack-dev-server --inline --output-public-path=http://localhost:8080/`
14 verbose stack Exit status 1
14 verbose stack     at EventEmitter.<anonymous> (/usr/local/lib/node_modules/npm/lib/utils/lifecycle.js:255:16)
14 verbose stack     at emitTwo (events.js:106:13)
14 verbose stack     at EventEmitter.emit (events.js:191:7)
14 verbose stack     at ChildProcess.<anonymous> (/usr/local/lib/node_modules/npm/lib/utils/spawn.js:40:14)
14 verbose stack     at emitTwo (events.js:106:13)
14 verbose stack     at ChildProcess.emit (events.js:191:7)
14 verbose stack     at maybeClose (internal/child_process.js:877:16)
14 verbose stack     at Process.ChildProcess._handle.onexit (internal/child_process.js:226:5)
15 verbose pkgid @
16 verbose cwd /Users/joeappleton1/Code/tmforumhack2017/TMForumNice2017Hack/private/jergus
17 error Darwin 14.5.0
18 error argv "/usr/local/bin/node" "/usr/local/bin/npm" "run" "serve"
19 error node v6.9.1
20 error npm  v3.10.8
21 error code ELIFECYCLE
22 error @ serve: `webpack-dev-server --inline --output-public-path=http://localhost:8080/`
22 error Exit status 1
23 error Failed at the @ serve script 'webpack-dev-server --inline --output-public-path=http://localhost:8080/'.
23 error Make sure you have the latest version of node.js and npm installed.
23 error If you do, this is most likely a problem with the  package,
23 error not with npm itself.
23 error Tell the author that this fails on your system:
23 error     webpack-dev-server --inline --output-public-path=http://localhost:8080/
23 error You can get information on how to open an issue for this project with:
23 error     npm bugs
23 error Or if that isn't available, you can get their info via:
23 error     npm owner ls
23 error There is likely additional logging output above.
24 verbose exit [ 1, true ]
